Build started 9/5/2014 2:17:44 AM.
     1>Project "D:\Dropbox\current_work\GitHub\micro-recon\src\cpp\vs2010\Extract3DNeighborhoods\Extract3DNeighborhoods.vcxproj" on node 2 (build target(s)).
     1>C:\Program Files (x86)\MSBuild\Microsoft.Cpp\v4.0\Microsoft.CppBuild.targets(299,5): warning MSB8004: Output Directory does not end with a trailing slash.  This build instance will add the slash as it is required to allow proper evaluation of the Output Directory.
     1>InitializeBuildStatus:
         Creating "x64\Debug\Extract3DNeighborhoods.unsuccessfulbuild" because "AlwaysCreate" was specified.
       ClCompile:
         C:\Program Files (x86)\Microsoft Visual Studio 10.0\VC\bin\x86_amd64\CL.exe /c /Zi /nologo /W3 /WX- /Od /D _WINDLL /D _UNICODE /D UNICODE /Gm /EHsc /RTC1 /MDd /GS /fp:precise /Zc:wchar_t /Zc:forScope /Fo"x64\Debug\\" /Fd"x64\Debug\vc100.pdb" /Gd /TP /errorReport:prompt ..\..\Extract3DNeighborhoods.cpp
         Extract3DNeighborhoods.cpp
     1>..\..\Extract3DNeighborhoods.cpp(29): warning C4267: 'initializing' : conversion from 'size_t' to 'int', possible loss of data
     1>..\..\Extract3DNeighborhoods.cpp(39): warning C4267: 'initializing' : conversion from 'size_t' to 'int', possible loss of data
     1>..\..\Extract3DNeighborhoods.cpp(40): warning C4267: 'initializing' : conversion from 'size_t' to 'int', possible loss of data
     1>..\..\Extract3DNeighborhoods.cpp(41): warning C4267: 'initializing' : conversion from 'size_t' to 'int', possible loss of data
     1>..\..\Extract3DNeighborhoods.cpp(77): warning C4244: 'initializing' : conversion from 'double' to 'int', possible loss of data
     1>..\..\Extract3DNeighborhoods.cpp(78): warning C4244: 'initializing' : conversion from 'double' to 'int', possible loss of data
     1>..\..\Extract3DNeighborhoods.cpp(79): warning C4244: 'initializing' : conversion from 'double' to 'int', possible loss of data
       ManifestResourceCompile:
         All outputs are up-to-date.
       Link:
         C:\Program Files (x86)\Microsoft Visual Studio 10.0\VC\bin\x86_amd64\link.exe /ERRORREPORT:PROMPT /OUT:"..\..\bin\Extract3DNeighborhoods.mexw64" /INCREMENTAL /NOLOGO /LIBPATH:"C:\Program Files\MATLAB\R2012a\extern\lib\win64\microsoft" libmx.lib libmex.lib libmat.lib kernel32.lib user32.lib gdi32.lib winspool.lib comdlg32.lib advapi32.lib shell32.lib ole32.lib oleaut32.lib uuid.lib odbc32.lib odbccp32.lib kernel32.lib user32.lib gdi32.lib winspool.lib comdlg32.lib advapi32.lib shell32.lib ole32.lib oleaut32.lib uuid.lib odbc32.lib odbccp32.lib /MANIFEST /ManifestFile:"x64\Debug\Extract3DNeighborhoods.mexw64.intermediate.manifest" /MANIFESTUAC:"level='asInvoker' uiAccess='false'" /DEBUG /PDB:"D:\Dropbox\current_work\GitHub\micro-recon\src\cpp\bin\Extract3DNeighborhoods.pdb" /TLBID:1 /DYNAMICBASE /NXCOMPAT /IMPLIB:"..\..\bin\Extract3DNeighborhoods.lib" /MACHINE:X64 /DLL x64\Debug\Extract3DNeighborhoods.mexw64.embed.manifest.res
         x64\Debug\Extract3DNeighborhoods.obj /export:mexFunction 
         Extract3DNeighborhoods.vcxproj -> D:\Dropbox\current_work\GitHub\micro-recon\src\cpp\vs2010\Extract3DNeighborhoods\..\..\bin\Extract3DNeighborhoods.mexw64
       Manifest:
         C:\Program Files (x86)\Microsoft SDKs\Windows\v7.0A\bin\mt.exe /nologo /verbose /out:"x64\Debug\Extract3DNeighborhoods.mexw64.embed.manifest" /manifest x64\Debug\Extract3DNeighborhoods.mexw64.intermediate.manifest
         All outputs are up-to-date.
       LinkEmbedManifest:
         All outputs are up-to-date.
         Extract3DNeighborhoods.vcxproj -> D:\Dropbox\current_work\GitHub\micro-recon\src\cpp\vs2010\Extract3DNeighborhoods\..\..\bin\Extract3DNeighborhoods.mexw64
       FinalizeBuildStatus:
         Deleting file "x64\Debug\Extract3DNeighborhoods.unsuccessfulbuild".
         Touching "x64\Debug\Extract3DNeighborhoods.lastbuildstate".
     1>Done Building Project "D:\Dropbox\current_work\GitHub\micro-recon\src\cpp\vs2010\Extract3DNeighborhoods\Extract3DNeighborhoods.vcxproj" (build target(s)).

Build succeeded.

Time Elapsed 00:00:00.30
